[0m14:31:54.453438 [debug] [MainThread]: Sending event: {'category': 'dbt', 'action': 'invocation', 'label': 'start', 'context': [<snowplow_tracker.self_describing_json.SelfDescribingJson object at 0x00000178FC091550>, <snowplow_tracker.self_describing_json.SelfDescribingJson object at 0x00000178FD4E4CE0>, <snowplow_tracker.self_describing_json.SelfDescribingJson object at 0x00000178FEDCA030>]}


============================== 14:31:54.459469 | 4001b42b-84b9-4aa0-9559-232eca82908f ==============================
[0m14:31:54.459469 [info ] [MainThread]: Running with dbt=1.9.2
[0m14:31:54.459969 [debug] [MainThread]: running dbt with arguments {'printer_width': '80', 'indirect_selection': 'eager', 'write_json': 'True', 'log_cache_events': 'False', 'partial_parse': 'True', 'cache_selected_only': 'False', 'profiles_dir': 'C:\\Users\\harshit\\.dbt', 'version_check': 'True', 'warn_error': 'None', 'log_path': 'logs', 'debug': 'False', 'fail_fast': 'False', 'use_colors': 'True', 'use_experimental_parser': 'False', 'no_print': 'None', 'quiet': 'False', 'empty': 'None', 'log_format': 'default', 'introspect': 'True', 'warn_error_options': 'WarnErrorOptions(include=[], exclude=[])', 'static_parser': 'True', 'target_path': 'None', 'invocation_command': 'dbt init snowflake_prj', 'send_anonymous_usage_stats': 'True'}
[0m14:31:54.490784 [debug] [MainThread]: Starter project path: C:\FIL Intern\snow_dbt\snow_dbt_test\Lib\site-packages\dbt\include\starter_project
[0m14:31:54.508895 [info ] [MainThread]: 
Your new dbt project "snowflake_prj" was created!

For more information on how to configure the profiles.yml file,
please consult the dbt documentation here:

  https://docs.getdbt.com/docs/configure-your-profile

One more thing:

Need help? Don't hesitate to reach out to us via GitHub issues or on Slack:

  https://community.getdbt.com/

Happy modeling!

[0m14:31:54.510393 [info ] [MainThread]: Setting up your profile.
[0m14:36:16.061867 [info ] [MainThread]: Profile snowflake_prj written to C:\Users\harshit\.dbt\profiles.yml using target's profile_template.yml and your supplied values. Run 'dbt debug' to validate the connection.
[0m14:36:16.063366 [debug] [MainThread]: Command `dbt init` succeeded at 14:36:16.063366 after 261.81 seconds
[0m14:36:16.063867 [debug] [MainThread]: Sending event: {'category': 'dbt', 'action': 'invocation', 'label': 'end', 'context': [<snowplow_tracker.self_describing_json.SelfDescribingJson object at 0x000001788066DE50>, <snowplow_tracker.self_describing_json.SelfDescribingJson object at 0x00000178FC091550>, <snowplow_tracker.self_describing_json.SelfDescribingJson object at 0x00000178FF2FDE20>]}
[0m14:36:16.064366 [debug] [MainThread]: Flushing usage events
[0m14:36:17.130196 [debug] [MainThread]: An error was encountered while trying to flush usage events
[0m14:36:25.149695 [debug] [MainThread]: Sending event: {'category': 'dbt', 'action': 'invocation', 'label': 'start', 'context': [<snowplow_tracker.self_describing_json.SelfDescribingJson object at 0x000002BADD8E96A0>, <snowplow_tracker.self_describing_json.SelfDescribingJson object at 0x000002BADB802540>, <snowplow_tracker.self_describing_json.SelfDescribingJson object at 0x000002BADAD020C0>]}


============================== 14:36:25.154195 | cf800213-2299-468f-8f40-867a9d2c5c8a ==============================
[0m14:36:25.154195 [info ] [MainThread]: Running with dbt=1.9.2
[0m14:36:25.154195 [debug] [MainThread]: running dbt with arguments {'printer_width': '80', 'indirect_selection': 'eager', 'write_json': 'True', 'log_cache_events': 'False', 'partial_parse': 'True', 'cache_selected_only': 'False', 'profiles_dir': 'C:\\Users\\harshit\\.dbt', 'fail_fast': 'False', 'version_check': 'True', 'log_path': 'logs', 'warn_error': 'None', 'debug': 'False', 'use_colors': 'True', 'use_experimental_parser': 'False', 'no_print': 'None', 'quiet': 'False', 'empty': 'None', 'log_format': 'default', 'invocation_command': 'dbt debug', 'warn_error_options': 'WarnErrorOptions(include=[], exclude=[])', 'introspect': 'True', 'target_path': 'None', 'static_parser': 'True', 'send_anonymous_usage_stats': 'True'}
[0m14:36:25.179729 [info ] [MainThread]: dbt version: 1.9.2
[0m14:36:25.180227 [info ] [MainThread]: python version: 3.12.6
[0m14:36:25.181230 [info ] [MainThread]: python path: C:\FIL Intern\snow_dbt\snow_dbt_test\Scripts\python.exe
[0m14:36:25.181729 [info ] [MainThread]: os info: Windows-11-10.0.22631-SP0
[0m14:36:25.188270 [info ] [MainThread]: Error importing adapter: No module named 'dbt.adapters.mysql'
[0m14:36:25.193269 [info ] [MainThread]: Error importing adapter: No module named 'dbt.adapters.mysql'
[0m14:36:25.640252 [info ] [MainThread]: Using profiles dir at C:\Users\harshit\.dbt
[0m14:36:25.640750 [info ] [MainThread]: Using profiles.yml file at C:\Users\harshit\.dbt\profiles.yml
[0m14:36:25.641250 [info ] [MainThread]: Using dbt_project.yml file at C:\FIL Intern\snow_dbt\dbt_project.yml
[0m14:36:25.642253 [info ] [MainThread]: Configuration:
[0m14:36:25.642752 [info ] [MainThread]:   profiles.yml file [[31mERROR invalid[0m]
[0m14:36:25.643256 [info ] [MainThread]:   dbt_project.yml file [[31mERROR not found[0m]
[0m14:36:25.643756 [info ] [MainThread]: Required dependencies:
[0m14:36:25.644252 [debug] [MainThread]: Executing "git --help"
[0m14:36:25.695855 [debug] [MainThread]: STDOUT: "b"usage: git [-v | --version] [-h | --help] [-C <path>] [-c <name>=<value>]\n           [--exec-path[=<path>]] [--html-path] [--man-path] [--info-path]\n           [-p | --paginate | -P | --no-pager] [--no-replace-objects] [--no-lazy-fetch]\n           [--no-optional-locks] [--no-advice] [--bare] [--git-dir=<path>]\n           [--work-tree=<path>] [--namespace=<name>] [--config-env=<name>=<envvar>]\n           <command> [<args>]\n\nThese are common Git commands used in various situations:\n\nstart a working area (see also: git help tutorial)\n   clone      Clone a repository into a new directory\n   init       Create an empty Git repository or reinitialize an existing one\n\nwork on the current change (see also: git help everyday)\n   add        Add file contents to the index\n   mv         Move or rename a file, a directory, or a symlink\n   restore    Restore working tree files\n   rm         Remove files from the working tree and from the index\n\nexamine the history and state (see also: git help revisions)\n   bisect     Use binary search to find the commit that introduced a bug\n   diff       Show changes between commits, commit and working tree, etc\n   grep       Print lines matching a pattern\n   log        Show commit logs\n   show       Show various types of objects\n   status     Show the working tree status\n\ngrow, mark and tweak your common history\n   backfill   Download missing objects in a partial clone\n   branch     List, create, or delete branches\n   commit     Record changes to the repository\n   merge      Join two or more development histories together\n   rebase     Reapply commits on top of another base tip\n   reset      Reset current HEAD to the specified state\n   switch     Switch branches\n   tag        Create, list, delete or verify a tag object signed with GPG\n\ncollaborate (see also: git help workflows)\n   fetch      Download objects and refs from another repository\n   pull       Fetch from and integrate with another repository or a local branch\n   push       Update remote refs along with associated objects\n\n'git help -a' and 'git help -g' list available subcommands and some\nconcept guides. See 'git help <command>' or 'git help <concept>'\nto read about a specific subcommand or concept.\nSee 'git help git' for an overview of the system.\n""
[0m14:36:25.696354 [debug] [MainThread]: STDERR: "b''"
[0m14:36:25.696854 [info ] [MainThread]:  - git [[32mOK found[0m]

[0m14:36:25.698361 [info ] [MainThread]: Connection test skipped since no profile was found
[0m14:36:25.699356 [info ] [MainThread]: [31m2 checks failed:[0m
[0m14:36:25.700355 [info ] [MainThread]: Could not load dbt_project.yml
Profile loading failed for the following reason:
Runtime Error
  Credentials in profile "dbt_project", target "dev" invalid: Runtime Error
    Could not find adapter type mysql!

Runtime Error
  Credentials in profile "nestedquery", target "dev" invalid: Runtime Error
    Could not find adapter type mysql!


[0m14:36:25.701358 [info ] [MainThread]: Project loading failed for the following reason:
 project path <C:\FIL Intern\snow_dbt\dbt_project.yml> not found

[0m14:36:25.702864 [debug] [MainThread]: Command `dbt debug` failed at 14:36:25.702864 after 0.76 seconds
[0m14:36:25.703362 [debug] [MainThread]: Sending event: {'category': 'dbt', 'action': 'invocation', 'label': 'end', 'context': [<snowplow_tracker.self_describing_json.SelfDescribingJson object at 0x000002BADCEC79E0>, <snowplow_tracker.self_describing_json.SelfDescribingJson object at 0x000002BADCF404A0>, <snowplow_tracker.self_describing_json.SelfDescribingJson object at 0x000002BADD3CE840>]}
[0m14:36:25.703863 [debug] [MainThread]: Flushing usage events
[0m14:36:26.651840 [debug] [MainThread]: An error was encountered while trying to flush usage events
